ISim log file
Running: /home/co-eda/WaterCPU/mipstest_isim_beh.exe -intstyle ise -gui -tclbatch isim.cmd -wdb /home/co-eda/WaterCPU/mipstest_isim_beh.wdb 
ISim P.20131013 (signature 0xfbc00daa)
WARNING: A WEBPACK license was found.
WARNING: Please use Xilinx License Configuration Manager to check out a full ISim license.
WARNING: ISim will run in Lite mode. Please refer to the ISim documentation for more information on the differences between the Lite and the Full version.
This is a Lite version of ISim.
Time resolution is 1 ps
# onerror resume
# wave add /
# run 1000 ns
Simulator is doing circuit initialization process.
Finished circuit initialization process.
                 109@00003000: $ 8 <= 00000008
                 113@00003008: $ 8 <= 00000008
                 115@0000300c: $10 <= 0000000c
                 119@00003014: $ 8 <= 00000008
                 121@00003018: $10 <= 0000000c
                 123@0000301c: $11 <= 0000000d
                 127@00003024: $ 8 <= 00000008
                 129@00003028: $ 8 <= 00004821
                 131@0000302c: $ 8 <= 00000008
                 133@00003030: $10 <= 0000000c
                 135@00003034: $ 8 <= 00004821
                 137@00003038: $ 8 <= 00000008
                 139@0000303c: $10 <= 0000000c
                 141@00003040: $11 <= 0000000d
                 143@00003044: $ 8 <= 00004821
                 145@00003048: $ 8 <= 00080000
                 149@00003050: $ 8 <= 00080000
                 151@00003054: $10 <= 000c0000
                 155@0000305c: $ 8 <= 00080000
                 157@00003060: $10 <= 000c0000
                 159@00003064: $11 <= 000e0000
                 163@0000306c: $ 8 <= 00080000
                 165@00003070: $ 8 <= 48210000
                 167@00003074: $ 8 <= 00080000
                 169@00003078: $10 <= 000c0000
                 171@0000307c: $ 8 <= 48210000
                 173@00003080: $ 8 <= 00080000
                 175@00003084: $10 <= 000c0000
                 177@00003088: $11 <= 000e0000
                 179@0000308c: $ 8 <= 48210000
                 181@00003090: $ 8 <= 00080000
                 183@00003094: $ 8 <= 48210000
                 187@0000309c: $ 8 <= 00080000
                 189@000030a0: $ 8 <= 48210000
                 191@000030a4: $ 8 <= a0420000
                 195@000030ac: $ 8 <= 00080000
                 197@000030b0: $ 8 <= 48210000
                 199@000030b4: $ 8 <= a0420000
                 201@000030b8: $ 8 <= 00630000
                 203@000030bc: $ 9 <= 50210000
                 205@000030c0: $ 8 <= 00000008
                 207@000030c4: $ 9 <= 0000000c
                 209@000030c8: $10 <= 00000010
                 211@000030cc: $11 <= 00000014
                 213@000030d0: $12 <= 00000018
                 215@000030d4: $13 <= 0000001c
                 215@000030d8: *00000008 <= 0000000c
                 219@000030dc: $16 <= 00000004
                 221@000030e0: $17 <= 00000008
                 223@000030e4: $18 <= 0000000c
                 225@000030e8: $14 <= 0000000c
                 229@000030ec: $14 <= xxxxxxxx
                 231@000030f0: $ 8 <= 00000008
                 233@000030f4: $ 9 <= 0000000c
                 235@000030f8: $10 <= 00000010
                 237@000030fc: $11 <= 00000014
                 239@00003100: $12 <= 00000018
                 239@00003104: *00000008 <= 0000000c
                 243@00003108: $16 <= 00000004
                 245@0000310c: $17 <= 00000008
                 247@00003110: $18 <= 0000000c
                 249@00003114: $14 <= 0000000c
                 251@00003118: $13 <= 0000001c
                 253@0000311c: $14 <= 0000782d
                 255@00003120: $ 8 <= 00000008
                 257@00003124: $ 9 <= 0000000c
                 259@00003128: $10 <= 00000010
                 261@0000312c: $11 <= 00000014
                 263@00003130: $12 <= 00000018
                 263@00003134: *00000008 <= 0000000c
                 267@00003138: $16 <= 00000004
                 269@0000313c: $17 <= 00000008
                 271@00003140: $18 <= 0000000c
                 273@00003144: $14 <= 0000000c
                 275@00003148: $13 <= 0000001c
                 277@0000314c: $24 <= 00000020
                 279@00003150: $14 <= 0000782d
                 281@00003154: $ 8 <= 00000008
                 283@00003158: $ 9 <= 0000000c
                 285@0000315c: $10 <= 00000010
                 287@00003160: $31 <= 00003168
                 289@00003164: $31 <= 0000316c
                 291@00003170: $14 <= 00000014
# exit 0
