ISim log file
Running: /home/co-eda/SingleCPU/mipstest_isim_beh.exe -intstyle ise -gui -tclbatch isim.cmd -wdb /home/co-eda/SingleCPU/mipstest_isim_beh.wdb 
INFO: There is another simulation running in the same directory. Using database file name isim2.wdb.
ISim P.20131013 (signature 0xfbc00daa)
WARNING: A WEBPACK license was found.
WARNING: Please use Xilinx License Configuration Manager to check out a full ISim license.
WARNING: ISim will run in Lite mode. Please refer to the ISim documentation for more information on the differences between the Lite and the Full version.
This is a Lite version of ISim.
Time resolution is 1 ps
# onerror resume
# wave add /
# run 1000 ns
Simulator is doing circuit initialization process.
Finished circuit initialization process.
@00003000: $ 9 <= 33440000
@00003004: $ 8 <= 334400f0
@00003008: *00000000 <= 334400f0
@0000300c: $ 9 <= fffffff0
@00003010: $10 <= 00000000
@00003014: $11 <= 00000000
@00003018: $12 <= 00000033
Stopped at time : 600 ns : File "/home/co-eda/SingleCPU/mipstest.v" Line 46
The simulator has terminated in an unexpected manner.  Please review the ISim log (isim.log) for details.
