Command line:
   BitAdder_isim_beh.exe
     -simmode  gui
     -simrunnum  1
     -socket  46117

Sun Nov 20 19:19:53 2022


 Elaboration Time: 0.03 sec

 Current Memory Usage: 183.697 Meg

 Total Signals          : 16
 Total Nets             : 109
 Total Signal Drivers   : 6
 Total Blocks           : 2
 Total Primitive Blocks : 2
 Total Processes        : 13
 Total Traceable Variables  : 25
 Total Scalar Nets and Variables : 387
Total Line Count : 33

 Total Simulation Time: 0.03 sec

 Current Memory Usage: 259.199 Meg

Sun Nov 20 19:19:58 2022

